2025-07-19 15:07:04,615 desktop-apk61lk C:\Program Files\Amazon Corretto\jdk21.0.6_7\bin\java.exe[20384] INFO  [io.quarkus] (Quarkus Main Thread) strategy_tester 1.0.0-SNAPSHOT on JVM (powered by Quarkus 3.22.3) started in 3.376s. Listening on: http://localhost:8080
2025-07-19 15:07:04,620 desktop-apk61lk C:\Program Files\Amazon Corretto\jdk21.0.6_7\bin\java.exe[20384] INFO  [io.quarkus] (Quarkus Main Thread) Profile dev activated. Live Coding activated.
2025-07-19 15:07:04,621 desktop-apk61lk C:\Program Files\Amazon Corretto\jdk21.0.6_7\bin\java.exe[20384] INFO  [io.quarkus] (Quarkus Main Thread) Installed features: [cdi, compose, mongodb-client, mongodb-panache, narayana-jta, resteasy, smallrye-context-propagation, vertx]
2025-07-19 15:07:09,261 desktop-apk61lk C:\Program Files\Amazon Corretto\jdk21.0.6_7\bin\java.exe[20384] INFO  [org.mon.dri.cluster] (executor-thread-1) Adding discovered server testnet-cluster-shard-00-00.jinkh.mongodb.net:27017 to client view of cluster
2025-07-19 15:07:09,299 desktop-apk61lk C:\Program Files\Amazon Corretto\jdk21.0.6_7\bin\java.exe[20384] INFO  [org.mon.dri.cluster] (executor-thread-1) Adding discovered server testnet-cluster-shard-00-01.jinkh.mongodb.net:27017 to client view of cluster
2025-07-19 15:07:09,304 desktop-apk61lk C:\Program Files\Amazon Corretto\jdk21.0.6_7\bin\java.exe[20384] INFO  [org.mon.dri.cluster] (executor-thread-1) Adding discovered server testnet-cluster-shard-00-02.jinkh.mongodb.net:27017 to client view of cluster
2025-07-19 15:07:09,327 desktop-apk61lk C:\Program Files\Amazon Corretto\jdk21.0.6_7\bin\java.exe[20384] INFO  [org.mon.dri.client] (executor-thread-1) MongoClient with metadata {"application": {"name": "TestNet-Cluster"}, "driver": {"name": "mongo-java-driver|sync", "version": "5.4.0"}, "os": {"type": "Windows", "name": "Windows 10", "architecture": "amd64", "version": "10.0"}, "platform": "Java/Amazon.com Inc./21.0.6+7-LTS"} created with settings MongoClientSettings{readPreference=primary, writeConcern=WriteConcern{w=null, wTimeout=null ms, journal=true}, retryWrites=false, retryReads=true, readConcern=ReadConcern{level=null}, credential=MongoCredential{mechanism=null, userName='fabio_giannico', source='admin', password=<hidden>, mechanismProperties=<hidden>}, transportSettings=null, commandListeners=[], codecRegistry=ProvidersCodecRegistry{codecProviders=[ProvidersCodecRegistry{codecProviders=[ValueCodecProvider{}, BsonValueCodecProvider{}, DBRefCodecProvider{}, DBObjectCodecProvider{}, DocumentCodecProvider{}, CollectionCodecProvider{}, IterableCodecProvider{}, MapCodecProvider{}, GeoJsonCodecProvider{}, GridFSFileCodecProvider{}, Jsr310CodecProvider{}, JsonObjectCodecProvider{}, BsonCodecProvider{}, EnumCodecProvider{}, com.mongodb.client.model.mql.ExpressionCodecProvider@67e64e2e, com.mongodb.Jep395RecordCodecProvider@468c6d14, com.mongodb.KotlinCodecProvider@1cae5e9f]}, ProvidersCodecRegistry{codecProviders=[org.bson.codecs.pojo.PojoCodecProvider@4d9735af]}]}, loggerSettings=LoggerSettings{maxDocumentLength=1000}, clusterSettings={hosts=[testnet-cluster-shard-00-00.jinkh.mongodb.net:27017, testnet-cluster-shard-00-01.jinkh.mongodb.net:27017, testnet-cluster-shard-00-02.jinkh.mongodb.net:27017], srvServiceName=mongodb, mode=MULTIPLE, requiredClusterType=REPLICA_SET, requiredReplicaSetName='atlas-63meln-shard-0', serverSelector='null', clusterListeners='[]', serverSelectionTimeout='30000 ms', localThreshold='15 ms'}, socketSettings=SocketSettings{connectTimeoutMS=10000, readTimeoutMS=0, receiveBufferSize=0, proxySettings=ProxySettings{host=null, port=null, username=null, password=null}}, heartbeatSocketSettings=SocketSettings{connectTimeoutMS=10000, readTimeoutMS=10000, receiveBufferSize=0, proxySettings=ProxySettings{host=null, port=null, username=null, password=null}}, connectionPoolSettings=ConnectionPoolSettings{maxSize=100, minSize=0, maxWaitTimeMS=120000, maxConnectionLifeTimeMS=0, maxConnectionIdleTimeMS=0, maintenanceInitialDelayMS=0, maintenanceFrequencyMS=60000, connectionPoolListeners=[], maxConnecting=2}, serverSettings=ServerSettings{heartbeatFrequencyMS=10000, minHeartbeatFrequencyMS=500, serverMonitoringMode=AUTO, serverListeners='[]', serverMonitorListeners='[]'}, sslSettings=SslSettings{enabled=true, invalidHostNameAllowed=false, context=null}, applicationName='TestNet-Cluster', compressorList=[], uuidRepresentation=UNSPECIFIED, serverApi=null, autoEncryptionSettings=null, dnsClient=null, inetAddressResolver=null, contextProvider=null, timeoutMS=null}
2025-07-19 15:07:09,391 desktop-apk61lk C:\Program Files\Amazon Corretto\jdk21.0.6_7\bin\java.exe[20384] INFO  [org.mon.dri.cluster] (executor-thread-1) Waiting for server to become available for operation with ID 5. Remaining time: 29992 ms. Selector: WritableServerSelector, topology description: {type=REPLICA_SET, servers=[{address=testnet-cluster-shard-00-02.jinkh.mongodb.net:27017, type=UNKNOWN, state=CONNECTING}, {address=testnet-cluster-shard-00-01.jinkh.mongodb.net:27017, type=UNKNOWN, state=CONNECTING}, {address=testnet-cluster-shard-00-00.jinkh.mongodb.net:27017, type=UNKNOWN, state=CONNECTING}].
2025-07-19 15:07:09,577 desktop-apk61lk C:\Program Files\Amazon Corretto\jdk21.0.6_7\bin\java.exe[20384] INFO  [org.mon.dri.cluster] (cluster-ClusterId{value='687b987dd9ccf4a28e2ebaf4', description='TestNet-Cluster'}-testnet-cluster-shard-00-00.jinkh.mongodb.net:27017) Monitor thread successfully connected to server with description ServerDescription{address=testnet-cluster-shard-00-00.jinkh.mongodb.net:27017, type=REPLICA_SET_SECONDARY, cryptd=false, state=CONNECTED, ok=true, minWireVersion=0, maxWireVersion=25, maxDocumentSize=16777216, logicalSessionTimeoutMinutes=30, roundTripTimeNanos=146551900, minRoundTripTimeNanos=0, setName='atlas-63meln-shard-0', canonicalAddress=testnet-cluster-shard-00-00.jinkh.mongodb.net:27017, hosts=[testnet-cluster-shard-00-00.jinkh.mongodb.net:27017, testnet-cluster-shard-00-01.jinkh.mongodb.net:27017, testnet-cluster-shard-00-02.jinkh.mongodb.net:27017], passives=[], arbiters=[], primary='testnet-cluster-shard-00-02.jinkh.mongodb.net:27017', tagSet=TagSet{[Tag{name='availabilityZone', value='euc1-az2'}, Tag{name='diskState', value='READY'}, Tag{name='nodeType', value='ELECTABLE'}, Tag{name='provider', value='AWS'}, Tag{name='region', value='EU_CENTRAL_1'}, Tag{name='workloadType', value='OPERATIONAL'}]}, electionId=null, setVersion=149, topologyVersion=TopologyVersion{processId=6871478c43fc09eccdb93ad3, counter=4}, lastWriteDate=Sat Jul 19 15:07:09 CEST 2025, lastUpdateTimeNanos=527279481199}
2025-07-19 15:07:09,577 desktop-apk61lk C:\Program Files\Amazon Corretto\jdk21.0.6_7\bin\java.exe[20384] INFO  [org.mon.dri.cluster] (cluster-ClusterId{value='687b987dd9ccf4a28e2ebaf4', description='TestNet-Cluster'}-testnet-cluster-shard-00-02.jinkh.mongodb.net:27017) Monitor thread successfully connected to server with description ServerDescription{address=testnet-cluster-shard-00-02.jinkh.mongodb.net:27017, type=REPLICA_SET_PRIMARY, cryptd=false, state=CONNECTED, ok=true, minWireVersion=0, maxWireVersion=25, maxDocumentSize=16777216, logicalSessionTimeoutMinutes=30, roundTripTimeNanos=111825599, minRoundTripTimeNanos=0, setName='atlas-63meln-shard-0', canonicalAddress=testnet-cluster-shard-00-02.jinkh.mongodb.net:27017, hosts=[testnet-cluster-shard-00-00.jinkh.mongodb.net:27017, testnet-cluster-shard-00-01.jinkh.mongodb.net:27017, testnet-cluster-shard-00-02.jinkh.mongodb.net:27017], passives=[], arbiters=[], primary='testnet-cluster-shard-00-02.jinkh.mongodb.net:27017', tagSet=TagSet{[Tag{name='availabilityZone', value='euc1-az1'}, Tag{name='diskState', value='READY'}, Tag{name='nodeType', value='ELECTABLE'}, Tag{name='provider', value='AWS'}, Tag{name='region', value='EU_CENTRAL_1'}, Tag{name='workloadType', value='OPERATIONAL'}]}, electionId=7fffffff000000000000020f, setVersion=149, topologyVersion=TopologyVersion{processId=687147d21221b2fece30578d, counter=6}, lastWriteDate=Sat Jul 19 15:07:09 CEST 2025, lastUpdateTimeNanos=527279493700}
2025-07-19 15:07:09,577 desktop-apk61lk C:\Program Files\Amazon Corretto\jdk21.0.6_7\bin\java.exe[20384] INFO  [org.mon.dri.cluster] (cluster-ClusterId{value='687b987dd9ccf4a28e2ebaf4', description='TestNet-Cluster'}-testnet-cluster-shard-00-01.jinkh.mongodb.net:27017) Monitor thread successfully connected to server with description ServerDescription{address=testnet-cluster-shard-00-01.jinkh.mongodb.net:27017, type=REPLICA_SET_SECONDARY, cryptd=false, state=CONNECTED, ok=true, minWireVersion=0, maxWireVersion=25, maxDocumentSize=16777216, logicalSessionTimeoutMinutes=30, roundTripTimeNanos=160575600, minRoundTripTimeNanos=0, setName='atlas-63meln-shard-0', canonicalAddress=testnet-cluster-shard-00-01.jinkh.mongodb.net:27017, hosts=[testnet-cluster-shard-00-00.jinkh.mongodb.net:27017, testnet-cluster-shard-00-01.jinkh.mongodb.net:27017, testnet-cluster-shard-00-02.jinkh.mongodb.net:27017], passives=[], arbiters=[], primary='testnet-cluster-shard-00-02.jinkh.mongodb.net:27017', tagSet=TagSet{[Tag{name='availabilityZone', value='euc1-az3'}, Tag{name='diskState', value='READY'}, Tag{name='nodeType', value='ELECTABLE'}, Tag{name='provider', value='AWS'}, Tag{name='region', value='EU_CENTRAL_1'}, Tag{name='workloadType', value='OPERATIONAL'}]}, electionId=null, setVersion=149, topologyVersion=TopologyVersion{processId=6871481a4585ecaa1fc94a77, counter=3}, lastWriteDate=Sat Jul 19 15:07:09 CEST 2025, lastUpdateTimeNanos=527279481199}
2025-07-19 15:07:09,581 desktop-apk61lk C:\Program Files\Amazon Corretto\jdk21.0.6_7\bin\java.exe[20384] INFO  [org.mon.dri.cluster] (cluster-ClusterId{value='687b987dd9ccf4a28e2ebaf4', description='TestNet-Cluster'}-testnet-cluster-shard-00-02.jinkh.mongodb.net:27017) Discovered replica set primary testnet-cluster-shard-00-02.jinkh.mongodb.net:27017 with max election id 7fffffff000000000000020f and max set version 149
2025-07-19 15:17:16,223 desktop-apk61lk C:\Program Files\Amazon Corretto\jdk21.0.6_7\bin\java.exe[20384] WARNING [org.aes.rea.ter.imp.AbstractWindowsTerminal] (Shutdown thread) Failed to write out.
2025-07-19 15:17:16,223 desktop-apk61lk C:\Program Files\Amazon Corretto\jdk21.0.6_7\bin\java.exe[20384] WARNING [org.aes.rea.ter.imp.AbstractWindowsTerminal] (Shutdown thread) Failed to write out.
2025-07-19 15:17:16,223 desktop-apk61lk C:\Program Files\Amazon Corretto\jdk21.0.6_7\bin\java.exe[20384] WARNING [org.aes.rea.ter.imp.AbstractWindowsTerminal] (Shutdown thread) Failed to write out.
2025-07-19 15:17:16,223 desktop-apk61lk C:\Program Files\Amazon Corretto\jdk21.0.6_7\bin\java.exe[20384] WARNING [org.aes.rea.ter.imp.AbstractWindowsTerminal] (Shutdown thread) Failed to write out.
2025-07-19 15:17:16,223 desktop-apk61lk C:\Program Files\Amazon Corretto\jdk21.0.6_7\bin\java.exe[20384] WARNING [org.aes.rea.ter.imp.AbstractWindowsTerminal] (Shutdown thread) Failed to write out.
2025-07-19 15:17:16,223 desktop-apk61lk C:\Program Files\Amazon Corretto\jdk21.0.6_7\bin\java.exe[20384] WARNING [org.aes.rea.ter.imp.AbstractWindowsTerminal] (Shutdown thread) Failed to write out.
2025-07-19 15:17:16,223 desktop-apk61lk C:\Program Files\Amazon Corretto\jdk21.0.6_7\bin\java.exe[20384] WARNING [org.aes.rea.ter.imp.AbstractWindowsTerminal] (Shutdown thread) Failed to write out.
2025-07-19 15:17:16,222 desktop-apk61lk C:\Program Files\Amazon Corretto\jdk21.0.6_7\bin\java.exe[20384] WARNING [org.aes.rea.ter.imp.AbstractWindowsTerminal] (Shutdown thread) Failed to write out.
2025-07-19 15:17:16,222 desktop-apk61lk C:\Program Files\Amazon Corretto\jdk21.0.6_7\bin\java.exe[20384] WARNING [org.aes.rea.ter.imp.AbstractWindowsTerminal] (Shutdown thread) Failed to write out.
2025-07-19 15:17:16,222 desktop-apk61lk C:\Program Files\Amazon Corretto\jdk21.0.6_7\bin\java.exe[20384] WARNING [org.aes.rea.ter.imp.AbstractWindowsTerminal] (Shutdown thread) Failed to write out.
2025-07-19 15:17:16,222 desktop-apk61lk C:\Program Files\Amazon Corretto\jdk21.0.6_7\bin\java.exe[20384] WARNING [org.aes.rea.ter.imp.AbstractWindowsTerminal] (Shutdown thread) Failed to write out.
2025-07-19 15:17:16,222 desktop-apk61lk C:\Program Files\Amazon Corretto\jdk21.0.6_7\bin\java.exe[20384] WARNING [org.aes.rea.ter.imp.AbstractWindowsTerminal] (Shutdown thread) Failed to write out.
2025-07-19 15:17:16,222 desktop-apk61lk C:\Program Files\Amazon Corretto\jdk21.0.6_7\bin\java.exe[20384] WARNING [org.aes.rea.ter.imp.AbstractWindowsTerminal] (Shutdown thread) Failed to write out.
2025-07-19 15:17:16,222 desktop-apk61lk C:\Program Files\Amazon Corretto\jdk21.0.6_7\bin\java.exe[20384] WARNING [org.aes.rea.ter.imp.AbstractWindowsTerminal] (Shutdown thread) Failed to write out.
2025-07-19 15:17:16,222 desktop-apk61lk C:\Program Files\Amazon Corretto\jdk21.0.6_7\bin\java.exe[20384] WARNING [org.aes.rea.ter.imp.AbstractWindowsTerminal] (Shutdown thread) Failed to write out.
2025-07-19 15:17:16,222 desktop-apk61lk C:\Program Files\Amazon Corretto\jdk21.0.6_7\bin\java.exe[20384] WARNING [org.aes.rea.ter.imp.AbstractWindowsTerminal] (Shutdown thread) Failed to write out.
2025-07-19 15:17:16,222 desktop-apk61lk C:\Program Files\Amazon Corretto\jdk21.0.6_7\bin\java.exe[20384] WARNING [org.aes.rea.ter.imp.AbstractWindowsTerminal] (Shutdown thread) Failed to write out.
2025-07-19 15:17:16,222 desktop-apk61lk C:\Program Files\Amazon Corretto\jdk21.0.6_7\bin\java.exe[20384] WARNING [org.aes.rea.ter.imp.AbstractWindowsTerminal] (Shutdown thread) Failed to write out.
2025-07-19 15:17:16,222 desktop-apk61lk C:\Program Files\Amazon Corretto\jdk21.0.6_7\bin\java.exe[20384] WARNING [org.aes.rea.ter.imp.AbstractWindowsTerminal] (Shutdown thread) Failed to write out.
2025-07-19 15:17:16,222 desktop-apk61lk C:\Program Files\Amazon Corretto\jdk21.0.6_7\bin\java.exe[20384] WARNING [org.aes.rea.ter.imp.AbstractWindowsTerminal] (Shutdown thread) Failed to write out.
2025-07-19 15:17:16,222 desktop-apk61lk C:\Program Files\Amazon Corretto\jdk21.0.6_7\bin\java.exe[20384] WARNING [org.aes.rea.ter.imp.AbstractWindowsTerminal] (Shutdown thread) Failed to write out.
2025-07-19 15:17:16,222 desktop-apk61lk C:\Program Files\Amazon Corretto\jdk21.0.6_7\bin\java.exe[20384] WARNING [org.aes.rea.ter.imp.AbstractWindowsTerminal] (Shutdown thread) Failed to write out.
2025-07-19 15:17:16,221 desktop-apk61lk C:\Program Files\Amazon Corretto\jdk21.0.6_7\bin\java.exe[20384] WARNING [org.aes.rea.ter.imp.AbstractWindowsTerminal] (Shutdown thread) Failed to write out.
2025-07-19 15:17:16,221 desktop-apk61lk C:\Program Files\Amazon Corretto\jdk21.0.6_7\bin\java.exe[20384] WARNING [org.aes.rea.ter.imp.AbstractWindowsTerminal] (Shutdown thread) Failed to write out.
2025-07-19 15:17:16,221 desktop-apk61lk C:\Program Files\Amazon Corretto\jdk21.0.6_7\bin\java.exe[20384] WARNING [org.aes.rea.ter.imp.AbstractWindowsTerminal] (Shutdown thread) Failed to write out.
2025-07-19 15:17:16,221 desktop-apk61lk C:\Program Files\Amazon Corretto\jdk21.0.6_7\bin\java.exe[20384] WARNING [org.aes.rea.ter.imp.AbstractWindowsTerminal] (Shutdown thread) Failed to write out.
2025-07-19 15:17:16,221 desktop-apk61lk C:\Program Files\Amazon Corretto\jdk21.0.6_7\bin\java.exe[20384] WARNING [org.aes.rea.ter.imp.AbstractWindowsTerminal] (Shutdown thread) Failed to write out.
2025-07-19 15:17:16,221 desktop-apk61lk C:\Program Files\Amazon Corretto\jdk21.0.6_7\bin\java.exe[20384] WARNING [org.aes.rea.ter.imp.AbstractWindowsTerminal] (Shutdown thread) Failed to write out.
2025-07-19 15:17:16,221 desktop-apk61lk C:\Program Files\Amazon Corretto\jdk21.0.6_7\bin\java.exe[20384] WARNING [org.aes.rea.ter.imp.AbstractWindowsTerminal] (Shutdown thread) Failed to write out.
2025-07-19 15:17:16,221 desktop-apk61lk C:\Program Files\Amazon Corretto\jdk21.0.6_7\bin\java.exe[20384] WARNING [org.aes.rea.ter.imp.AbstractWindowsTerminal] (Shutdown thread) Failed to write out.
2025-07-19 15:17:16,221 desktop-apk61lk C:\Program Files\Amazon Corretto\jdk21.0.6_7\bin\java.exe[20384] WARNING [org.aes.rea.ter.imp.AbstractWindowsTerminal] (Shutdown thread) Failed to write out.
2025-07-19 15:17:16,221 desktop-apk61lk C:\Program Files\Amazon Corretto\jdk21.0.6_7\bin\java.exe[20384] WARNING [org.aes.rea.ter.imp.AbstractWindowsTerminal] (Shutdown thread) Failed to write out.
2025-07-19 15:17:16,221 desktop-apk61lk C:\Program Files\Amazon Corretto\jdk21.0.6_7\bin\java.exe[20384] WARNING [org.aes.rea.ter.imp.AbstractWindowsTerminal] (Shutdown thread) Failed to write out.
2025-07-19 15:17:16,221 desktop-apk61lk C:\Program Files\Amazon Corretto\jdk21.0.6_7\bin\java.exe[20384] WARNING [org.aes.rea.ter.imp.AbstractWindowsTerminal] (Shutdown thread) Failed to write out.
2025-07-19 15:17:16,221 desktop-apk61lk C:\Program Files\Amazon Corretto\jdk21.0.6_7\bin\java.exe[20384] WARNING [org.aes.rea.ter.imp.AbstractWindowsTerminal] (Shutdown thread) Failed to write out.
2025-07-19 15:17:16,221 desktop-apk61lk C:\Program Files\Amazon Corretto\jdk21.0.6_7\bin\java.exe[20384] WARNING [org.aes.rea.ter.imp.AbstractWindowsTerminal] (Shutdown thread) Failed to write out.
2025-07-19 15:17:16,221 desktop-apk61lk C:\Program Files\Amazon Corretto\jdk21.0.6_7\bin\java.exe[20384] WARNING [org.aes.rea.ter.imp.AbstractWindowsTerminal] (Shutdown thread) Failed to write out.
2025-07-19 15:17:16,220 desktop-apk61lk C:\Program Files\Amazon Corretto\jdk21.0.6_7\bin\java.exe[20384] WARNING [org.aes.rea.ter.imp.AbstractWindowsTerminal] (Shutdown thread) Failed to write out.
2025-07-19 15:17:16,220 desktop-apk61lk C:\Program Files\Amazon Corretto\jdk21.0.6_7\bin\java.exe[20384] WARNING [org.aes.rea.ter.imp.AbstractWindowsTerminal] (Shutdown thread) Failed to write out.
2025-07-19 15:17:16,220 desktop-apk61lk C:\Program Files\Amazon Corretto\jdk21.0.6_7\bin\java.exe[20384] WARNING [org.aes.rea.ter.imp.AbstractWindowsTerminal] (Shutdown thread) Failed to write out.
2025-07-19 15:17:16,220 desktop-apk61lk C:\Program Files\Amazon Corretto\jdk21.0.6_7\bin\java.exe[20384] WARNING [org.aes.rea.ter.imp.AbstractWindowsTerminal] (Shutdown thread) Failed to write out.
2025-07-19 15:17:16,220 desktop-apk61lk C:\Program Files\Amazon Corretto\jdk21.0.6_7\bin\java.exe[20384] WARNING [org.aes.rea.ter.imp.AbstractWindowsTerminal] (Shutdown thread) Failed to write out.
2025-07-19 15:17:16,220 desktop-apk61lk C:\Program Files\Amazon Corretto\jdk21.0.6_7\bin\java.exe[20384] WARNING [org.aes.rea.ter.imp.AbstractWindowsTerminal] (Shutdown thread) Failed to write out.
2025-07-19 15:17:16,220 desktop-apk61lk C:\Program Files\Amazon Corretto\jdk21.0.6_7\bin\java.exe[20384] WARNING [org.aes.rea.ter.imp.AbstractWindowsTerminal] (Shutdown thread) Failed to write out.
2025-07-19 15:17:16,220 desktop-apk61lk C:\Program Files\Amazon Corretto\jdk21.0.6_7\bin\java.exe[20384] WARNING [org.aes.rea.ter.imp.AbstractWindowsTerminal] (Shutdown thread) Failed to write out.
2025-07-19 15:17:16,220 desktop-apk61lk C:\Program Files\Amazon Corretto\jdk21.0.6_7\bin\java.exe[20384] WARNING [org.aes.rea.ter.imp.AbstractWindowsTerminal] (Shutdown thread) Failed to write out.
2025-07-19 15:17:16,220 desktop-apk61lk C:\Program Files\Amazon Corretto\jdk21.0.6_7\bin\java.exe[20384] WARNING [org.aes.rea.ter.imp.AbstractWindowsTerminal] (Shutdown thread) Failed to write out.
2025-07-19 15:17:16,220 desktop-apk61lk C:\Program Files\Amazon Corretto\jdk21.0.6_7\bin\java.exe[20384] WARNING [org.aes.rea.ter.imp.AbstractWindowsTerminal] (Shutdown thread) Failed to write out.
2025-07-19 15:17:16,220 desktop-apk61lk C:\Program Files\Amazon Corretto\jdk21.0.6_7\bin\java.exe[20384] WARNING [org.aes.rea.ter.imp.AbstractWindowsTerminal] (Shutdown thread) Failed to write out.
2025-07-19 15:17:16,220 desktop-apk61lk C:\Program Files\Amazon Corretto\jdk21.0.6_7\bin\java.exe[20384] WARNING [org.aes.rea.ter.imp.AbstractWindowsTerminal] (Shutdown thread) Failed to write out.
2025-07-19 15:17:16,220 desktop-apk61lk C:\Program Files\Amazon Corretto\jdk21.0.6_7\bin\java.exe[20384] WARNING [org.aes.rea.ter.imp.AbstractWindowsTerminal] (Shutdown thread) Failed to write out.
2025-07-19 15:17:16,219 desktop-apk61lk C:\Program Files\Amazon Corretto\jdk21.0.6_7\bin\java.exe[20384] WARNING [org.aes.rea.ter.imp.AbstractWindowsTerminal] (Shutdown thread) Failed to write out.
2025-07-19 15:17:16,219 desktop-apk61lk C:\Program Files\Amazon Corretto\jdk21.0.6_7\bin\java.exe[20384] WARNING [org.aes.rea.ter.imp.AbstractWindowsTerminal] (Shutdown thread) Failed to write out.
2025-07-19 15:17:16,219 desktop-apk61lk C:\Program Files\Amazon Corretto\jdk21.0.6_7\bin\java.exe[20384] WARNING [org.aes.rea.ter.imp.AbstractWindowsTerminal] (Shutdown thread) Failed to write out.
2025-07-19 15:17:16,219 desktop-apk61lk C:\Program Files\Amazon Corretto\jdk21.0.6_7\bin\java.exe[20384] WARNING [org.aes.rea.ter.imp.AbstractWindowsTerminal] (Shutdown thread) Failed to write out.
2025-07-19 15:17:16,219 desktop-apk61lk C:\Program Files\Amazon Corretto\jdk21.0.6_7\bin\java.exe[20384] WARNING [org.aes.rea.ter.imp.AbstractWindowsTerminal] (Shutdown thread) Failed to write out.
2025-07-19 15:17:16,219 desktop-apk61lk C:\Program Files\Amazon Corretto\jdk21.0.6_7\bin\java.exe[20384] WARNING [org.aes.rea.ter.imp.AbstractWindowsTerminal] (Shutdown thread) Failed to write out.
2025-07-19 15:17:16,219 desktop-apk61lk C:\Program Files\Amazon Corretto\jdk21.0.6_7\bin\java.exe[20384] WARNING [org.aes.rea.ter.imp.AbstractWindowsTerminal] (Shutdown thread) Failed to write out.
2025-07-19 15:17:16,219 desktop-apk61lk C:\Program Files\Amazon Corretto\jdk21.0.6_7\bin\java.exe[20384] WARNING [org.aes.rea.ter.imp.AbstractWindowsTerminal] (Shutdown thread) Failed to write out.
2025-07-19 15:17:16,219 desktop-apk61lk C:\Program Files\Amazon Corretto\jdk21.0.6_7\bin\java.exe[20384] WARNING [org.aes.rea.ter.imp.AbstractWindowsTerminal] (Shutdown thread) Failed to write out.
2025-07-19 15:17:16,219 desktop-apk61lk C:\Program Files\Amazon Corretto\jdk21.0.6_7\bin\java.exe[20384] WARNING [org.aes.rea.ter.imp.AbstractWindowsTerminal] (Shutdown thread) Failed to write out.
2025-07-19 15:17:16,219 desktop-apk61lk C:\Program Files\Amazon Corretto\jdk21.0.6_7\bin\java.exe[20384] WARNING [org.aes.rea.ter.imp.AbstractWindowsTerminal] (Shutdown thread) Failed to write out.
2025-07-19 15:17:16,219 desktop-apk61lk C:\Program Files\Amazon Corretto\jdk21.0.6_7\bin\java.exe[20384] WARNING [org.aes.rea.ter.imp.AbstractWindowsTerminal] (Shutdown thread) Failed to write out.
2025-07-19 15:17:16,219 desktop-apk61lk C:\Program Files\Amazon Corretto\jdk21.0.6_7\bin\java.exe[20384] WARNING [org.aes.rea.ter.imp.AbstractWindowsTerminal] (Shutdown thread) Failed to write out.
2025-07-19 15:17:16,218 desktop-apk61lk C:\Program Files\Amazon Corretto\jdk21.0.6_7\bin\java.exe[20384] WARNING [org.aes.rea.ter.imp.AbstractWindowsTerminal] (Shutdown thread) Failed to write out.
2025-07-19 15:17:16,218 desktop-apk61lk C:\Program Files\Amazon Corretto\jdk21.0.6_7\bin\java.exe[20384] WARNING [org.aes.rea.ter.imp.AbstractWindowsTerminal] (Shutdown thread) Failed to write out.
2025-07-19 15:17:16,218 desktop-apk61lk C:\Program Files\Amazon Corretto\jdk21.0.6_7\bin\java.exe[20384] WARNING [org.aes.rea.ter.imp.AbstractWindowsTerminal] (Shutdown thread) Failed to write out.
2025-07-19 15:17:16,218 desktop-apk61lk C:\Program Files\Amazon Corretto\jdk21.0.6_7\bin\java.exe[20384] WARNING [org.aes.rea.ter.imp.AbstractWindowsTerminal] (Shutdown thread) Failed to write out.
2025-07-19 15:17:16,218 desktop-apk61lk C:\Program Files\Amazon Corretto\jdk21.0.6_7\bin\java.exe[20384] WARNING [org.aes.rea.ter.imp.AbstractWindowsTerminal] (Shutdown thread) Failed to write out.
2025-07-19 15:17:16,218 desktop-apk61lk C:\Program Files\Amazon Corretto\jdk21.0.6_7\bin\java.exe[20384] WARNING [org.aes.rea.ter.imp.AbstractWindowsTerminal] (Shutdown thread) Failed to write out.
2025-07-19 15:17:16,218 desktop-apk61lk C:\Program Files\Amazon Corretto\jdk21.0.6_7\bin\java.exe[20384] WARNING [org.aes.rea.ter.imp.AbstractWindowsTerminal] (Shutdown thread) Failed to write out.
2025-07-19 15:17:16,218 desktop-apk61lk C:\Program Files\Amazon Corretto\jdk21.0.6_7\bin\java.exe[20384] WARNING [org.aes.rea.ter.imp.AbstractWindowsTerminal] (Shutdown thread) Failed to write out.
2025-07-19 15:17:16,218 desktop-apk61lk C:\Program Files\Amazon Corretto\jdk21.0.6_7\bin\java.exe[20384] WARNING [org.aes.rea.ter.imp.AbstractWindowsTerminal] (Shutdown thread) Failed to write out.
2025-07-19 15:17:16,218 desktop-apk61lk C:\Program Files\Amazon Corretto\jdk21.0.6_7\bin\java.exe[20384] WARNING [org.aes.rea.ter.imp.AbstractWindowsTerminal] (Shutdown thread) Failed to write out.
2025-07-19 15:17:16,218 desktop-apk61lk C:\Program Files\Amazon Corretto\jdk21.0.6_7\bin\java.exe[20384] WARNING [org.aes.rea.ter.imp.AbstractWindowsTerminal] (Shutdown thread) Failed to write out.
2025-07-19 15:17:16,218 desktop-apk61lk C:\Program Files\Amazon Corretto\jdk21.0.6_7\bin\java.exe[20384] WARNING [org.aes.rea.ter.imp.AbstractWindowsTerminal] (Shutdown thread) Failed to write out.
2025-07-19 15:17:16,218 desktop-apk61lk C:\Program Files\Amazon Corretto\jdk21.0.6_7\bin\java.exe[20384] WARNING [org.aes.rea.ter.imp.AbstractWindowsTerminal] (Shutdown thread) Failed to write out.
2025-07-19 15:17:16,217 desktop-apk61lk C:\Program Files\Amazon Corretto\jdk21.0.6_7\bin\java.exe[20384] WARNING [org.aes.rea.ter.imp.AbstractWindowsTerminal] (Shutdown thread) Failed to write out.
2025-07-19 15:17:16,217 desktop-apk61lk C:\Program Files\Amazon Corretto\jdk21.0.6_7\bin\java.exe[20384] WARNING [org.aes.rea.ter.imp.AbstractWindowsTerminal] (Shutdown thread) Failed to write out.
2025-07-19 15:17:16,217 desktop-apk61lk C:\Program Files\Amazon Corretto\jdk21.0.6_7\bin\java.exe[20384] WARNING [org.aes.rea.ter.imp.AbstractWindowsTerminal] (Shutdown thread) Failed to write out.
2025-07-19 15:17:16,217 desktop-apk61lk C:\Program Files\Amazon Corretto\jdk21.0.6_7\bin\java.exe[20384] WARNING [org.aes.rea.ter.imp.AbstractWindowsTerminal] (Shutdown thread) Failed to write out.
2025-07-19 15:17:16,217 desktop-apk61lk C:\Program Files\Amazon Corretto\jdk21.0.6_7\bin\java.exe[20384] WARNING [org.aes.rea.ter.imp.AbstractWindowsTerminal] (Shutdown thread) Failed to write out.
2025-07-19 15:17:16,217 desktop-apk61lk C:\Program Files\Amazon Corretto\jdk21.0.6_7\bin\java.exe[20384] WARNING [org.aes.rea.ter.imp.AbstractWindowsTerminal] (Shutdown thread) Failed to write out.
2025-07-19 15:17:16,217 desktop-apk61lk C:\Program Files\Amazon Corretto\jdk21.0.6_7\bin\java.exe[20384] WARNING [org.aes.rea.ter.imp.AbstractWindowsTerminal] (Shutdown thread) Failed to write out.
2025-07-19 15:17:16,217 desktop-apk61lk C:\Program Files\Amazon Corretto\jdk21.0.6_7\bin\java.exe[20384] WARNING [org.aes.rea.ter.imp.AbstractWindowsTerminal] (Shutdown thread) Failed to write out.
2025-07-19 15:17:16,217 desktop-apk61lk C:\Program Files\Amazon Corretto\jdk21.0.6_7\bin\java.exe[20384] WARNING [org.aes.rea.ter.imp.AbstractWindowsTerminal] (Shutdown thread) Failed to write out.
2025-07-19 15:17:16,217 desktop-apk61lk C:\Program Files\Amazon Corretto\jdk21.0.6_7\bin\java.exe[20384] WARNING [org.aes.rea.ter.imp.AbstractWindowsTerminal] (Shutdown thread) Failed to write out.
2025-07-19 15:17:16,216 desktop-apk61lk C:\Program Files\Amazon Corretto\jdk21.0.6_7\bin\java.exe[20384] WARNING [org.aes.rea.ter.imp.AbstractWindowsTerminal] (Shutdown thread) Failed to write out.
2025-07-19 15:17:16,216 desktop-apk61lk C:\Program Files\Amazon Corretto\jdk21.0.6_7\bin\java.exe[20384] WARNING [org.aes.rea.ter.imp.AbstractWindowsTerminal] (Shutdown thread) Failed to write out.
2025-07-19 15:17:16,216 desktop-apk61lk C:\Program Files\Amazon Corretto\jdk21.0.6_7\bin\java.exe[20384] WARNING [org.aes.rea.ter.imp.AbstractWindowsTerminal] (Shutdown thread) Failed to write out.
2025-07-19 15:17:16,216 desktop-apk61lk C:\Program Files\Amazon Corretto\jdk21.0.6_7\bin\java.exe[20384] WARNING [org.aes.rea.ter.imp.AbstractWindowsTerminal] (Shutdown thread) Failed to write out.
2025-07-19 15:17:16,216 desktop-apk61lk C:\Program Files\Amazon Corretto\jdk21.0.6_7\bin\java.exe[20384] WARNING [org.aes.rea.ter.imp.AbstractWindowsTerminal] (Shutdown thread) Failed to write out.
2025-07-19 15:17:16,216 desktop-apk61lk C:\Program Files\Amazon Corretto\jdk21.0.6_7\bin\java.exe[20384] WARNING [org.aes.rea.ter.imp.AbstractWindowsTerminal] (Shutdown thread) Failed to write out.
2025-07-19 15:17:16,216 desktop-apk61lk C:\Program Files\Amazon Corretto\jdk21.0.6_7\bin\java.exe[20384] WARNING [org.aes.rea.ter.imp.AbstractWindowsTerminal] (Shutdown thread) Failed to write out.
2025-07-19 15:17:16,216 desktop-apk61lk C:\Program Files\Amazon Corretto\jdk21.0.6_7\bin\java.exe[20384] WARNING [org.aes.rea.ter.imp.AbstractWindowsTerminal] (Shutdown thread) Failed to write out.
2025-07-19 15:17:16,216 desktop-apk61lk C:\Program Files\Amazon Corretto\jdk21.0.6_7\bin\java.exe[20384] WARNING [org.aes.rea.ter.imp.AbstractWindowsTerminal] (Shutdown thread) Failed to write out.
2025-07-19 15:17:16,216 desktop-apk61lk C:\Program Files\Amazon Corretto\jdk21.0.6_7\bin\java.exe[20384] WARNING [org.aes.rea.ter.imp.AbstractWindowsTerminal] (Shutdown thread) Failed to write out.
2025-07-19 15:17:16,216 desktop-apk61lk C:\Program Files\Amazon Corretto\jdk21.0.6_7\bin\java.exe[20384] WARNING [org.aes.rea.ter.imp.AbstractWindowsTerminal] (Shutdown thread) Failed to write out.
2025-07-19 15:17:16,216 desktop-apk61lk C:\Program Files\Amazon Corretto\jdk21.0.6_7\bin\java.exe[20384] WARNING [org.aes.rea.ter.imp.AbstractWindowsTerminal] (Shutdown thread) Failed to write out.
2025-07-19 15:17:16,215 desktop-apk61lk C:\Program Files\Amazon Corretto\jdk21.0.6_7\bin\java.exe[20384] WARNING [org.aes.rea.ter.imp.AbstractWindowsTerminal] (Shutdown thread) Failed to write out.
2025-07-19 15:17:16,215 desktop-apk61lk C:\Program Files\Amazon Corretto\jdk21.0.6_7\bin\java.exe[20384] WARNING [org.aes.rea.ter.imp.AbstractWindowsTerminal] (Shutdown thread) Failed to write out.
2025-07-19 15:17:16,215 desktop-apk61lk C:\Program Files\Amazon Corretto\jdk21.0.6_7\bin\java.exe[20384] WARNING [org.aes.rea.ter.imp.AbstractWindowsTerminal] (Shutdown thread) Failed to write out.
2025-07-19 15:17:16,215 desktop-apk61lk C:\Program Files\Amazon Corretto\jdk21.0.6_7\bin\java.exe[20384] WARNING [org.aes.rea.ter.imp.AbstractWindowsTerminal] (Shutdown thread) Failed to write out.
2025-07-19 15:17:16,215 desktop-apk61lk C:\Program Files\Amazon Corretto\jdk21.0.6_7\bin\java.exe[20384] WARNING [org.aes.rea.ter.imp.AbstractWindowsTerminal] (Shutdown thread) Failed to write out.
2025-07-19 15:17:16,215 desktop-apk61lk C:\Program Files\Amazon Corretto\jdk21.0.6_7\bin\java.exe[20384] WARNING [org.aes.rea.ter.imp.AbstractWindowsTerminal] (Shutdown thread) Failed to write out.
2025-07-19 15:17:16,215 desktop-apk61lk C:\Program Files\Amazon Corretto\jdk21.0.6_7\bin\java.exe[20384] WARNING [org.aes.rea.ter.imp.AbstractWindowsTerminal] (Shutdown thread) Failed to write out.
2025-07-19 15:17:16,215 desktop-apk61lk C:\Program Files\Amazon Corretto\jdk21.0.6_7\bin\java.exe[20384] WARNING [org.aes.rea.ter.imp.AbstractWindowsTerminal] (Shutdown thread) Failed to write out.
2025-07-19 15:17:16,215 desktop-apk61lk C:\Program Files\Amazon Corretto\jdk21.0.6_7\bin\java.exe[20384] WARNING [org.aes.rea.ter.imp.AbstractWindowsTerminal] (Shutdown thread) Failed to write out.
2025-07-19 15:17:16,215 desktop-apk61lk C:\Program Files\Amazon Corretto\jdk21.0.6_7\bin\java.exe[20384] WARNING [org.aes.rea.ter.imp.AbstractWindowsTerminal] (Shutdown thread) Failed to write out.
2025-07-19 15:17:16,214 desktop-apk61lk C:\Program Files\Amazon Corretto\jdk21.0.6_7\bin\java.exe[20384] WARNING [org.aes.rea.ter.imp.AbstractWindowsTerminal] (Shutdown thread) Failed to write out.
2025-07-19 15:17:16,214 desktop-apk61lk C:\Program Files\Amazon Corretto\jdk21.0.6_7\bin\java.exe[20384] WARNING [org.aes.rea.ter.imp.AbstractWindowsTerminal] (Shutdown thread) Failed to write out.
2025-07-19 15:17:16,214 desktop-apk61lk C:\Program Files\Amazon Corretto\jdk21.0.6_7\bin\java.exe[20384] WARNING [org.aes.rea.ter.imp.AbstractWindowsTerminal] (Shutdown thread) Failed to write out.
2025-07-19 15:17:16,214 desktop-apk61lk C:\Program Files\Amazon Corretto\jdk21.0.6_7\bin\java.exe[20384] WARNING [org.aes.rea.ter.imp.AbstractWindowsTerminal] (Shutdown thread) Failed to write out.
2025-07-19 15:17:16,214 desktop-apk61lk C:\Program Files\Amazon Corretto\jdk21.0.6_7\bin\java.exe[20384] WARNING [org.aes.rea.ter.imp.AbstractWindowsTerminal] (Shutdown thread) Failed to write out.
2025-07-19 15:17:16,214 desktop-apk61lk C:\Program Files\Amazon Corretto\jdk21.0.6_7\bin\java.exe[20384] WARNING [org.aes.rea.ter.imp.AbstractWindowsTerminal] (Shutdown thread) Failed to write out.
2025-07-19 15:17:16,214 desktop-apk61lk C:\Program Files\Amazon Corretto\jdk21.0.6_7\bin\java.exe[20384] WARNING [org.aes.rea.ter.imp.AbstractWindowsTerminal] (Shutdown thread) Failed to write out.
2025-07-19 15:17:16,214 desktop-apk61lk C:\Program Files\Amazon Corretto\jdk21.0.6_7\bin\java.exe[20384] WARNING [org.aes.rea.ter.imp.AbstractWindowsTerminal] (Shutdown thread) Failed to write out.
2025-07-19 15:17:16,214 desktop-apk61lk C:\Program Files\Amazon Corretto\jdk21.0.6_7\bin\java.exe[20384] WARNING [org.aes.rea.ter.imp.AbstractWindowsTerminal] (Shutdown thread) Failed to write out.
2025-07-19 15:17:16,213 desktop-apk61lk C:\Program Files\Amazon Corretto\jdk21.0.6_7\bin\java.exe[20384] WARNING [org.aes.rea.ter.imp.AbstractWindowsTerminal] (Shutdown thread) Failed to write out.
2025-07-19 15:17:16,213 desktop-apk61lk C:\Program Files\Amazon Corretto\jdk21.0.6_7\bin\java.exe[20384] WARNING [org.aes.rea.ter.imp.AbstractWindowsTerminal] (Shutdown thread) Failed to write out.
2025-07-19 15:17:16,213 desktop-apk61lk C:\Program Files\Amazon Corretto\jdk21.0.6_7\bin\java.exe[20384] WARNING [org.aes.rea.ter.imp.AbstractWindowsTerminal] (Shutdown thread) Failed to write out.
2025-07-19 15:17:16,213 desktop-apk61lk C:\Program Files\Amazon Corretto\jdk21.0.6_7\bin\java.exe[20384] WARNING [org.aes.rea.ter.imp.AbstractWindowsTerminal] (Shutdown thread) Failed to write out.
2025-07-19 15:17:16,213 desktop-apk61lk C:\Program Files\Amazon Corretto\jdk21.0.6_7\bin\java.exe[20384] WARNING [org.aes.rea.ter.imp.AbstractWindowsTerminal] (Shutdown thread) Failed to write out.
2025-07-19 15:17:16,213 desktop-apk61lk C:\Program Files\Amazon Corretto\jdk21.0.6_7\bin\java.exe[20384] WARNING [org.aes.rea.ter.imp.AbstractWindowsTerminal] (Shutdown thread) Failed to write out.
2025-07-19 15:17:16,213 desktop-apk61lk C:\Program Files\Amazon Corretto\jdk21.0.6_7\bin\java.exe[20384] WARNING [org.aes.rea.ter.imp.AbstractWindowsTerminal] (Shutdown thread) Failed to write out.
2025-07-19 15:17:16,213 desktop-apk61lk C:\Program Files\Amazon Corretto\jdk21.0.6_7\bin\java.exe[20384] WARNING [org.aes.rea.ter.imp.AbstractWindowsTerminal] (Shutdown thread) Failed to write out.
2025-07-19 15:17:16,212 desktop-apk61lk C:\Program Files\Amazon Corretto\jdk21.0.6_7\bin\java.exe[20384] WARNING [org.aes.rea.ter.imp.AbstractWindowsTerminal] (Shutdown thread) Failed to write out.
2025-07-19 15:17:16,212 desktop-apk61lk C:\Program Files\Amazon Corretto\jdk21.0.6_7\bin\java.exe[20384] WARNING [org.aes.rea.ter.imp.AbstractWindowsTerminal] (Shutdown thread) Failed to write out.
2025-07-19 15:17:16,212 desktop-apk61lk C:\Program Files\Amazon Corretto\jdk21.0.6_7\bin\java.exe[20384] WARNING [org.aes.rea.ter.imp.AbstractWindowsTerminal] (Shutdown thread) Failed to write out.
2025-07-19 15:17:16,212 desktop-apk61lk C:\Program Files\Amazon Corretto\jdk21.0.6_7\bin\java.exe[20384] WARNING [org.aes.rea.ter.imp.AbstractWindowsTerminal] (Shutdown thread) Failed to write out.
2025-07-19 15:17:16,212 desktop-apk61lk C:\Program Files\Amazon Corretto\jdk21.0.6_7\bin\java.exe[20384] WARNING [org.aes.rea.ter.imp.AbstractWindowsTerminal] (Shutdown thread) Failed to write out.
2025-07-19 15:17:16,212 desktop-apk61lk C:\Program Files\Amazon Corretto\jdk21.0.6_7\bin\java.exe[20384] WARNING [org.aes.rea.ter.imp.AbstractWindowsTerminal] (Shutdown thread) Failed to write out.
2025-07-19 15:17:16,212 desktop-apk61lk C:\Program Files\Amazon Corretto\jdk21.0.6_7\bin\java.exe[20384] WARNING [org.aes.rea.ter.imp.AbstractWindowsTerminal] (Shutdown thread) Failed to write out.
2025-07-19 15:17:16,211 desktop-apk61lk C:\Program Files\Amazon Corretto\jdk21.0.6_7\bin\java.exe[20384] WARNING [org.aes.rea.ter.imp.AbstractWindowsTerminal] (Shutdown thread) Failed to write out.
2025-07-19 15:17:16,211 desktop-apk61lk C:\Program Files\Amazon Corretto\jdk21.0.6_7\bin\java.exe[20384] WARNING [org.aes.rea.ter.imp.AbstractWindowsTerminal] (Shutdown thread) Failed to write out.
2025-07-19 15:17:16,211 desktop-apk61lk C:\Program Files\Amazon Corretto\jdk21.0.6_7\bin\java.exe[20384] WARNING [org.aes.rea.ter.imp.AbstractWindowsTerminal] (Shutdown thread) Failed to write out.
2025-07-19 15:17:16,211 desktop-apk61lk C:\Program Files\Amazon Corretto\jdk21.0.6_7\bin\java.exe[20384] WARNING [org.aes.rea.ter.imp.AbstractWindowsTerminal] (Shutdown thread) Failed to write out.
2025-07-19 15:17:16,211 desktop-apk61lk C:\Program Files\Amazon Corretto\jdk21.0.6_7\bin\java.exe[20384] WARNING [org.aes.rea.ter.imp.AbstractWindowsTerminal] (Shutdown thread) Failed to write out.
2025-07-19 15:17:16,211 desktop-apk61lk C:\Program Files\Amazon Corretto\jdk21.0.6_7\bin\java.exe[20384] WARNING [org.aes.rea.ter.imp.AbstractWindowsTerminal] (Shutdown thread) Failed to write out.
2025-07-19 15:17:16,211 desktop-apk61lk C:\Program Files\Amazon Corretto\jdk21.0.6_7\bin\java.exe[20384] WARNING [org.aes.rea.ter.imp.AbstractWindowsTerminal] (Shutdown thread) Failed to write out.
2025-07-19 15:17:16,211 desktop-apk61lk C:\Program Files\Amazon Corretto\jdk21.0.6_7\bin\java.exe[20384] WARNING [org.aes.rea.ter.imp.AbstractWindowsTerminal] (Shutdown thread) Failed to write out.
2025-07-19 15:17:16,210 desktop-apk61lk C:\Program Files\Amazon Corretto\jdk21.0.6_7\bin\java.exe[20384] WARNING [org.aes.rea.ter.imp.AbstractWindowsTerminal] (Shutdown thread) Failed to write out.
2025-07-19 15:17:16,210 desktop-apk61lk C:\Program Files\Amazon Corretto\jdk21.0.6_7\bin\java.exe[20384] WARNING [org.aes.rea.ter.imp.AbstractWindowsTerminal] (Shutdown thread) Failed to write out.
2025-07-19 15:17:16,210 desktop-apk61lk C:\Program Files\Amazon Corretto\jdk21.0.6_7\bin\java.exe[20384] WARNING [org.aes.rea.ter.imp.AbstractWindowsTerminal] (Shutdown thread) Failed to write out.
2025-07-19 15:17:16,210 desktop-apk61lk C:\Program Files\Amazon Corretto\jdk21.0.6_7\bin\java.exe[20384] WARNING [org.aes.rea.ter.imp.AbstractWindowsTerminal] (Shutdown thread) Failed to write out.
2025-07-19 15:17:16,210 desktop-apk61lk C:\Program Files\Amazon Corretto\jdk21.0.6_7\bin\java.exe[20384] WARNING [org.aes.rea.ter.imp.AbstractWindowsTerminal] (Shutdown thread) Failed to write out.
2025-07-19 15:17:16,210 desktop-apk61lk C:\Program Files\Amazon Corretto\jdk21.0.6_7\bin\java.exe[20384] WARNING [org.aes.rea.ter.imp.AbstractWindowsTerminal] (Shutdown thread) Failed to write out.
2025-07-19 15:17:16,210 desktop-apk61lk C:\Program Files\Amazon Corretto\jdk21.0.6_7\bin\java.exe[20384] WARNING [org.aes.rea.ter.imp.AbstractWindowsTerminal] (Shutdown thread) Failed to write out.
2025-07-19 15:17:16,209 desktop-apk61lk C:\Program Files\Amazon Corretto\jdk21.0.6_7\bin\java.exe[20384] WARNING [org.aes.rea.ter.imp.AbstractWindowsTerminal] (Shutdown thread) Failed to write out.
2025-07-19 15:17:16,209 desktop-apk61lk C:\Program Files\Amazon Corretto\jdk21.0.6_7\bin\java.exe[20384] WARNING [org.aes.rea.ter.imp.AbstractWindowsTerminal] (Shutdown thread) Failed to write out.
2025-07-19 15:17:16,209 desktop-apk61lk C:\Program Files\Amazon Corretto\jdk21.0.6_7\bin\java.exe[20384] WARNING [org.aes.rea.ter.imp.AbstractWindowsTerminal] (Shutdown thread) Failed to write out.
2025-07-19 15:17:16,209 desktop-apk61lk C:\Program Files\Amazon Corretto\jdk21.0.6_7\bin\java.exe[20384] WARNING [org.aes.rea.ter.imp.AbstractWindowsTerminal] (Shutdown thread) Failed to write out.
2025-07-19 15:17:16,209 desktop-apk61lk C:\Program Files\Amazon Corretto\jdk21.0.6_7\bin\java.exe[20384] WARNING [org.aes.rea.ter.imp.AbstractWindowsTerminal] (Shutdown thread) Failed to write out.
2025-07-19 15:17:16,209 desktop-apk61lk C:\Program Files\Amazon Corretto\jdk21.0.6_7\bin\java.exe[20384] WARNING [org.aes.rea.ter.imp.AbstractWindowsTerminal] (Shutdown thread) Failed to write out.
2025-07-19 15:17:16,209 desktop-apk61lk C:\Program Files\Amazon Corretto\jdk21.0.6_7\bin\java.exe[20384] WARNING [org.aes.rea.ter.imp.AbstractWindowsTerminal] (Shutdown thread) Failed to write out.
2025-07-19 15:17:16,209 desktop-apk61lk C:\Program Files\Amazon Corretto\jdk21.0.6_7\bin\java.exe[20384] WARNING [org.aes.rea.ter.imp.AbstractWindowsTerminal] (Shutdown thread) Failed to write out.
2025-07-19 15:17:16,208 desktop-apk61lk C:\Program Files\Amazon Corretto\jdk21.0.6_7\bin\java.exe[20384] WARNING [org.aes.rea.ter.imp.AbstractWindowsTerminal] (Shutdown thread) Failed to write out.
2025-07-19 15:17:16,208 desktop-apk61lk C:\Program Files\Amazon Corretto\jdk21.0.6_7\bin\java.exe[20384] WARNING [org.aes.rea.ter.imp.AbstractWindowsTerminal] (Shutdown thread) Failed to write out.
2025-07-19 15:17:16,208 desktop-apk61lk C:\Program Files\Amazon Corretto\jdk21.0.6_7\bin\java.exe[20384] WARNING [org.aes.rea.ter.imp.AbstractWindowsTerminal] (Shutdown thread) Failed to write out.
2025-07-19 15:17:16,208 desktop-apk61lk C:\Program Files\Amazon Corretto\jdk21.0.6_7\bin\java.exe[20384] WARNING [org.aes.rea.ter.imp.AbstractWindowsTerminal] (Shutdown thread) Failed to write out.
2025-07-19 15:17:16,208 desktop-apk61lk C:\Program Files\Amazon Corretto\jdk21.0.6_7\bin\java.exe[20384] WARNING [org.aes.rea.ter.imp.AbstractWindowsTerminal] (Shutdown thread) Failed to write out.
2025-07-19 15:17:16,208 desktop-apk61lk C:\Program Files\Amazon Corretto\jdk21.0.6_7\bin\java.exe[20384] WARNING [org.aes.rea.ter.imp.AbstractWindowsTerminal] (Shutdown thread) Failed to write out.
2025-07-19 15:17:16,208 desktop-apk61lk C:\Program Files\Amazon Corretto\jdk21.0.6_7\bin\java.exe[20384] WARNING [org.aes.rea.ter.imp.AbstractWindowsTerminal] (Shutdown thread) Failed to write out.
2025-07-19 15:17:16,207 desktop-apk61lk C:\Program Files\Amazon Corretto\jdk21.0.6_7\bin\java.exe[20384] WARNING [org.aes.rea.ter.imp.AbstractWindowsTerminal] (Shutdown thread) Failed to write out.
2025-07-19 15:17:16,207 desktop-apk61lk C:\Program Files\Amazon Corretto\jdk21.0.6_7\bin\java.exe[20384] WARNING [org.aes.rea.ter.imp.AbstractWindowsTerminal] (Shutdown thread) Failed to write out.
2025-07-19 15:17:16,207 desktop-apk61lk C:\Program Files\Amazon Corretto\jdk21.0.6_7\bin\java.exe[20384] WARNING [org.aes.rea.ter.imp.AbstractWindowsTerminal] (Shutdown thread) Failed to write out.
2025-07-19 15:17:16,207 desktop-apk61lk C:\Program Files\Amazon Corretto\jdk21.0.6_7\bin\java.exe[20384] WARNING [org.aes.rea.ter.imp.AbstractWindowsTerminal] (Shutdown thread) Failed to write out.
2025-07-19 15:17:16,207 desktop-apk61lk C:\Program Files\Amazon Corretto\jdk21.0.6_7\bin\java.exe[20384] WARNING [org.aes.rea.ter.imp.AbstractWindowsTerminal] (Shutdown thread) Failed to write out.
2025-07-19 15:17:16,207 desktop-apk61lk C:\Program Files\Amazon Corretto\jdk21.0.6_7\bin\java.exe[20384] WARNING [org.aes.rea.ter.imp.AbstractWindowsTerminal] (Shutdown thread) Failed to write out.
2025-07-19 15:17:16,207 desktop-apk61lk C:\Program Files\Amazon Corretto\jdk21.0.6_7\bin\java.exe[20384] WARNING [org.aes.rea.ter.imp.AbstractWindowsTerminal] (Shutdown thread) Failed to write out.
2025-07-19 15:17:16,207 desktop-apk61lk C:\Program Files\Amazon Corretto\jdk21.0.6_7\bin\java.exe[20384] WARNING [org.aes.rea.ter.imp.AbstractWindowsTerminal] (Shutdown thread) Failed to write out.
2025-07-19 15:17:16,206 desktop-apk61lk C:\Program Files\Amazon Corretto\jdk21.0.6_7\bin\java.exe[20384] WARNING [org.aes.rea.ter.imp.AbstractWindowsTerminal] (Shutdown thread) Failed to write out.
2025-07-19 15:17:16,206 desktop-apk61lk C:\Program Files\Amazon Corretto\jdk21.0.6_7\bin\java.exe[20384] WARNING [org.aes.rea.ter.imp.AbstractWindowsTerminal] (Shutdown thread) Failed to write out.
2025-07-19 15:17:16,206 desktop-apk61lk C:\Program Files\Amazon Corretto\jdk21.0.6_7\bin\java.exe[20384] WARNING [org.aes.rea.ter.imp.AbstractWindowsTerminal] (Shutdown thread) Failed to write out.
2025-07-19 15:17:16,206 desktop-apk61lk C:\Program Files\Amazon Corretto\jdk21.0.6_7\bin\java.exe[20384] WARNING [org.aes.rea.ter.imp.AbstractWindowsTerminal] (Shutdown thread) Failed to write out.
2025-07-19 15:17:16,206 desktop-apk61lk C:\Program Files\Amazon Corretto\jdk21.0.6_7\bin\java.exe[20384] WARNING [org.aes.rea.ter.imp.AbstractWindowsTerminal] (Shutdown thread) Failed to write out.
2025-07-19 15:17:16,206 desktop-apk61lk C:\Program Files\Amazon Corretto\jdk21.0.6_7\bin\java.exe[20384] WARNING [org.aes.rea.ter.imp.AbstractWindowsTerminal] (Shutdown thread) Failed to write out.
2025-07-19 15:17:16,206 desktop-apk61lk C:\Program Files\Amazon Corretto\jdk21.0.6_7\bin\java.exe[20384] WARNING [org.aes.rea.ter.imp.AbstractWindowsTerminal] (Shutdown thread) Failed to write out.
2025-07-19 15:17:16,205 desktop-apk61lk C:\Program Files\Amazon Corretto\jdk21.0.6_7\bin\java.exe[20384] WARNING [org.aes.rea.ter.imp.AbstractWindowsTerminal] (Shutdown thread) Failed to write out.
2025-07-19 15:17:16,205 desktop-apk61lk C:\Program Files\Amazon Corretto\jdk21.0.6_7\bin\java.exe[20384] WARNING [org.aes.rea.ter.imp.AbstractWindowsTerminal] (Shutdown thread) Failed to write out.
2025-07-19 15:17:16,205 desktop-apk61lk C:\Program Files\Amazon Corretto\jdk21.0.6_7\bin\java.exe[20384] WARNING [org.aes.rea.ter.imp.AbstractWindowsTerminal] (Shutdown thread) Failed to write out.
2025-07-19 15:17:16,205 desktop-apk61lk C:\Program Files\Amazon Corretto\jdk21.0.6_7\bin\java.exe[20384] WARNING [org.aes.rea.ter.imp.AbstractWindowsTerminal] (Shutdown thread) Failed to write out.
2025-07-19 15:17:16,205 desktop-apk61lk C:\Program Files\Amazon Corretto\jdk21.0.6_7\bin\java.exe[20384] WARNING [org.aes.rea.ter.imp.AbstractWindowsTerminal] (Shutdown thread) Failed to write out.
2025-07-19 15:17:16,205 desktop-apk61lk C:\Program Files\Amazon Corretto\jdk21.0.6_7\bin\java.exe[20384] WARNING [org.aes.rea.ter.imp.AbstractWindowsTerminal] (Shutdown thread) Failed to write out.
2025-07-19 15:17:16,204 desktop-apk61lk C:\Program Files\Amazon Corretto\jdk21.0.6_7\bin\java.exe[20384] INFO  [io.quarkus] (Shutdown thread) strategy_tester stopped in 0.035s
